<?xml version="1.0" encoding="UTF-8"?>
<!-- Generated by org.testng.reporters.JUnitReportReporter -->
<testsuite hostname="DESKTOP-4T9R7PN" failures="0" tests="1" name="com.qa.skyDocRP.runner.TestRunner" time="2674.902" errors="0" timestamp="22 Feb 2021 12:03:57 GMT">
  <testcase classname="com.qa.skyDocRP.runner.TestRunner" name="feature" time="2674.902"/>
</testsuite> <!-- com.qa.skyDocRP.runner.TestRunner -->
